<?xml version="1.0" encoding="UTF-8"?>
<testng-results ignored="0" total="1" passed="1" failed="0" skipped="0">
  <reporter-output>
  </reporter-output>
  <suite started-at="2024-06-12T16:22:54 IST" name="Default suite" finished-at="2024-06-12T16:23:14 IST" duration-ms="19827">
    <groups>
    </groups>
    <test started-at="2024-06-12T16:22:54 IST" name="Default test" finished-at="2024-06-12T16:23:14 IST" duration-ms="19827">
      <class name="assignment.saucedemo">
        <test-method is-config="true" signature="set()[pri:0, instance:assignment.saucedemo@3349e9bb]" started-at="2024-06-12T16:22:54 IST" name="set" finished-at="2024-06-12T16:23:05 IST" duration-ms="10270" status="PASS">
          <reporter-output>
          </reporter-output>
        </test-method> <!-- set -->
        <test-method is-config="true" signature="url()[pri:0, instance:assignment.saucedemo@3349e9bb]" started-at="2024-06-12T16:23:05 IST" name="url" finished-at="2024-06-12T16:23:06 IST" duration-ms="894" status="PASS">
          <reporter-output>
          </reporter-output>
        </test-method> <!-- url -->
        <test-method signature="test()[pri:0, instance:assignment.saucedemo@3349e9bb]" started-at="2024-06-12T16:23:06 IST" name="test" finished-at="2024-06-12T16:23:14 IST" duration-ms="8470" status="PASS">
          <reporter-output>
          </reporter-output>
        </test-method> <!-- test -->
      </class> <!-- assignment.saucedemo -->
    </test> <!-- Default test -->
  </suite> <!-- Default suite -->
</testng-results>
